2023-04-23T07:35:22.872296+0200 INFO 

RESET at 04/23/23 07:35:22 W. Europe Summer Time


2023-04-23T07:35:25.627075+0200 DEBUG 4/4 worker(s) available.
2023-04-23T07:35:26.086887+0200 DEBUG Bracket ID 0:
| budget  | pending | waiting |  done   |
-----------------------------------------
|  61.73  |   80    |    1    |    0    |
| 185.19  |   27    |    0    |    0    |
| 555.56  |    9    |    0    |    0    |
| 1666.67 |    3    |    0    |    0    |
| 5000.00 |    1    |    0    |    0    |
-----------------------------------------
2023-04-23T07:35:26.368138+0200 DEBUG 3/4 worker(s) available.
2023-04-23T07:35:26.726391+0200 DEBUG Bracket ID 0:
| budget  | pending | waiting |  done   |
-----------------------------------------
|  61.73  |   79    |    2    |    0    |
| 185.19  |   27    |    0    |    0    |
| 555.56  |    9    |    0    |    0    |
| 1666.67 |    3    |    0    |    0    |
| 5000.00 |    1    |    0    |    0    |
-----------------------------------------
2023-04-23T07:35:27.072360+0200 DEBUG 2/4 worker(s) available.
2023-04-23T07:35:27.416156+0200 DEBUG Bracket ID 0:
| budget  | pending | waiting |  done   |
-----------------------------------------
|  61.73  |   78    |    3    |    0    |
| 185.19  |   27    |    0    |    0    |
| 555.56  |    9    |    0    |    0    |
| 1666.67 |    3    |    0    |    0    |
| 5000.00 |    1    |    0    |    0    |
-----------------------------------------
2023-04-23T07:35:27.757318+0200 DEBUG 1/4 worker(s) available.
2023-04-23T07:35:28.127780+0200 DEBUG Bracket ID 0:
| budget  | pending | waiting |  done   |
-----------------------------------------
|  61.73  |   77    |    4    |    0    |
| 185.19  |   27    |    0    |    0    |
| 555.56  |    9    |    0    |    0    |
| 1666.67 |    3    |    0    |    0    |
| 5000.00 |    1    |    0    |    0    |
-----------------------------------------
2023-04-23T07:35:34.139202+0200 DEBUG Collecting 1 of the 4 job(s) active.
2023-04-23T07:35:34.176454+0200 DEBUG 1/4 worker(s) available.
2023-04-23T07:35:34.747368+0200 DEBUG Bracket ID 0:
| budget  | pending | waiting |  done   |
-----------------------------------------
|  61.73  |   76    |    4    |    1    |
| 185.19  |   27    |    0    |    0    |
| 555.56  |    9    |    0    |    0    |
| 1666.67 |    3    |    0    |    0    |
| 5000.00 |    1    |    0    |    0    |
-----------------------------------------
2023-04-23T07:35:40.842171+0200 DEBUG Collecting 1 of the 4 job(s) active.
2023-04-23T07:35:40.875115+0200 DEBUG 1/4 worker(s) available.
2023-04-23T07:35:41.408734+0200 DEBUG Bracket ID 0:
| budget  | pending | waiting |  done   |
-----------------------------------------
|  61.73  |   75    |    4    |    2    |
| 185.19  |   27    |    0    |    0    |
| 555.56  |    9    |    0    |    0    |
| 1666.67 |    3    |    0    |    0    |
| 5000.00 |    1    |    0    |    0    |
-----------------------------------------
2023-04-23T07:35:41.878449+0200 DEBUG Collecting 1 of the 4 job(s) active.
2023-04-23T07:35:41.911366+0200 DEBUG 1/4 worker(s) available.
2023-04-23T07:35:42.378330+0200 DEBUG Bracket ID 0:
| budget  | pending | waiting |  done   |
-----------------------------------------
|  61.73  |   74    |    4    |    3    |
| 185.19  |   27    |    0    |    0    |
| 555.56  |    9    |    0    |    0    |
| 1666.67 |    3    |    0    |    0    |
| 5000.00 |    1    |    0    |    0    |
-----------------------------------------
2023-04-23T07:35:42.393960+0200 DEBUG Collecting 1 of the 4 job(s) active.
2023-04-23T07:35:42.839018+0200 DEBUG 1/4 worker(s) available.
2023-04-23T07:35:43.273410+0200 DEBUG Bracket ID 0:
| budget  | pending | waiting |  done   |
-----------------------------------------
|  61.73  |   73    |    4    |    4    |
| 185.19  |   27    |    0    |    0    |
| 555.56  |    9    |    0    |    0    |
| 1666.67 |    3    |    0    |    0    |
| 5000.00 |    1    |    0    |    0    |
-----------------------------------------
2023-04-23T07:35:44.226826+0200 DEBUG Collecting 1 of the 4 job(s) active.
2023-04-23T07:35:44.252662+0200 DEBUG 1/4 worker(s) available.
2023-04-23T07:35:44.928316+0200 DEBUG Bracket ID 0:
| budget  | pending | waiting |  done   |
-----------------------------------------
|  61.73  |   72    |    4    |    5    |
| 185.19  |   27    |    0    |    0    |
| 555.56  |    9    |    0    |    0    |
| 1666.67 |    3    |    0    |    0    |
| 5000.00 |    1    |    0    |    0    |
-----------------------------------------
2023-04-23T07:35:50.329170+0200 DEBUG Collecting 1 of the 4 job(s) active.
2023-04-23T07:35:50.363363+0200 DEBUG 1/4 worker(s) available.
2023-04-23T07:35:50.990113+0200 DEBUG Bracket ID 0:
| budget  | pending | waiting |  done   |
-----------------------------------------
|  61.73  |   71    |    4    |    6    |
| 185.19  |   27    |    0    |    0    |
| 555.56  |    9    |    0    |    0    |
| 1666.67 |    3    |    0    |    0    |
| 5000.00 |    1    |    0    |    0    |
-----------------------------------------
2023-04-23T07:35:51.005799+0200 DEBUG Collecting 1 of the 4 job(s) active.
2023-04-23T07:35:51.507366+0200 DEBUG 1/4 worker(s) available.
2023-04-23T07:35:52.118950+0200 DEBUG Bracket ID 0:
| budget  | pending | waiting |  done   |
-----------------------------------------
|  61.73  |   70    |    4    |    7    |
| 185.19  |   27    |    0    |    0    |
| 555.56  |    9    |    0    |    0    |
| 1666.67 |    3    |    0    |    0    |
| 5000.00 |    1    |    0    |    0    |
-----------------------------------------
2023-04-23T07:35:52.686862+0200 DEBUG Collecting 1 of the 4 job(s) active.
2023-04-23T07:35:52.711933+0200 DEBUG 1/4 worker(s) available.
2023-04-23T07:35:53.221727+0200 DEBUG Bracket ID 0:
| budget  | pending | waiting |  done   |
-----------------------------------------
|  61.73  |   69    |    4    |    8    |
| 185.19  |   27    |    0    |    0    |
| 555.56  |    9    |    0    |    0    |
| 1666.67 |    3    |    0    |    0    |
| 5000.00 |    1    |    0    |    0    |
-----------------------------------------
2023-04-23T07:35:54.791347+0200 DEBUG Collecting 1 of the 4 job(s) active.
2023-04-23T07:35:54.825295+0200 DEBUG 1/4 worker(s) available.
2023-04-23T07:35:55.363183+0200 DEBUG Bracket ID 0:
| budget  | pending | waiting |  done   |
-----------------------------------------
|  61.73  |   68    |    4    |    9    |
| 185.19  |   27    |    0    |    0    |
| 555.56  |    9    |    0    |    0    |
| 1666.67 |    3    |    0    |    0    |
| 5000.00 |    1    |    0    |    0    |
-----------------------------------------
2023-04-23T07:35:58.512074+0200 DEBUG Collecting 1 of the 4 job(s) active.
2023-04-23T07:35:58.520177+0200 DEBUG 1/4 worker(s) available.
2023-04-23T07:35:59.179406+0200 DEBUG Bracket ID 0:
| budget  | pending | waiting |  done   |
-----------------------------------------
|  61.73  |   67    |    4    |   10    |
| 185.19  |   27    |    0    |    0    |
| 555.56  |    9    |    0    |    0    |
| 1666.67 |    3    |    0    |    0    |
| 5000.00 |    1    |    0    |    0    |
-----------------------------------------
2023-04-23T07:36:00.265522+0200 DEBUG Collecting 1 of the 4 job(s) active.
2023-04-23T07:36:00.300473+0200 DEBUG 1/4 worker(s) available.
2023-04-23T07:36:00.774806+0200 DEBUG Bracket ID 0:
| budget  | pending | waiting |  done   |
-----------------------------------------
|  61.73  |   66    |    4    |   11    |
| 185.19  |   27    |    0    |    0    |
| 555.56  |    9    |    0    |    0    |
| 1666.67 |    3    |    0    |    0    |
| 5000.00 |    1    |    0    |    0    |
-----------------------------------------
2023-04-23T07:36:01.331014+0200 DEBUG Collecting 1 of the 4 job(s) active.
2023-04-23T07:36:01.345106+0200 DEBUG 1/4 worker(s) available.
2023-04-23T07:36:01.834164+0200 DEBUG Bracket ID 0:
| budget  | pending | waiting |  done   |
-----------------------------------------
|  61.73  |   65    |    4    |   12    |
| 185.19  |   27    |    0    |    0    |
| 555.56  |    9    |    0    |    0    |
| 1666.67 |    3    |    0    |    0    |
| 5000.00 |    1    |    0    |    0    |
-----------------------------------------
2023-04-23T07:36:03.555166+0200 DEBUG Collecting 1 of the 4 job(s) active.
2023-04-23T07:36:03.588148+0200 DEBUG 1/4 worker(s) available.
2023-04-23T07:36:04.118311+0200 DEBUG Bracket ID 0:
| budget  | pending | waiting |  done   |
-----------------------------------------
|  61.73  |   64    |    4    |   13    |
| 185.19  |   27    |    0    |    0    |
| 555.56  |    9    |    0    |    0    |
| 1666.67 |    3    |    0    |    0    |
| 5000.00 |    1    |    0    |    0    |
-----------------------------------------
2023-04-23T07:36:08.093888+0200 DEBUG Collecting 1 of the 4 job(s) active.
2023-04-23T07:36:08.114729+0200 DEBUG 1/4 worker(s) available.
2023-04-23T07:36:08.672038+0200 DEBUG Bracket ID 0:
| budget  | pending | waiting |  done   |
-----------------------------------------
|  61.73  |   63    |    4    |   14    |
| 185.19  |   27    |    0    |    0    |
| 555.56  |    9    |    0    |    0    |
| 1666.67 |    3    |    0    |    0    |
| 5000.00 |    1    |    0    |    0    |
-----------------------------------------
2023-04-23T07:36:11.020128+0200 DEBUG Collecting 1 of the 4 job(s) active.
2023-04-23T07:36:11.028228+0200 DEBUG 1/4 worker(s) available.
2023-04-23T07:36:11.718432+0200 DEBUG Bracket ID 0:
| budget  | pending | waiting |  done   |
-----------------------------------------
|  61.73  |   62    |    4    |   15    |
| 185.19  |   27    |    0    |    0    |
| 555.56  |    9    |    0    |    0    |
| 1666.67 |    3    |    0    |    0    |
| 5000.00 |    1    |    0    |    0    |
-----------------------------------------
2023-04-23T07:36:11.719432+0200 DEBUG Collecting 1 of the 4 job(s) active.
2023-04-23T07:36:12.092133+0200 DEBUG 1/4 worker(s) available.
2023-04-23T07:36:12.648127+0200 DEBUG Bracket ID 0:
| budget  | pending | waiting |  done   |
-----------------------------------------
|  61.73  |   61    |    4    |   16    |
| 185.19  |   27    |    0    |    0    |
| 555.56  |    9    |    0    |    0    |
| 1666.67 |    3    |    0    |    0    |
| 5000.00 |    1    |    0    |    0    |
-----------------------------------------
2023-04-23T07:36:14.110073+0200 DEBUG Collecting 1 of the 4 job(s) active.
2023-04-23T07:36:14.122171+0200 DEBUG 1/4 worker(s) available.
2023-04-23T07:36:14.775876+0200 DEBUG Bracket ID 0:
| budget  | pending | waiting |  done   |
-----------------------------------------
|  61.73  |   60    |    4    |   17    |
| 185.19  |   27    |    0    |    0    |
| 555.56  |    9    |    0    |    0    |
| 1666.67 |    3    |    0    |    0    |
| 5000.00 |    1    |    0    |    0    |
-----------------------------------------
2023-04-23T07:36:16.721911+0200 DEBUG Collecting 1 of the 4 job(s) active.
2023-04-23T07:36:16.749787+0200 DEBUG 1/4 worker(s) available.
2023-04-23T07:36:17.379944+0200 DEBUG Bracket ID 0:
| budget  | pending | waiting |  done   |
-----------------------------------------
|  61.73  |   59    |    4    |   18    |
| 185.19  |   27    |    0    |    0    |
| 555.56  |    9    |    0    |    0    |
| 1666.67 |    3    |    0    |    0    |
| 5000.00 |    1    |    0    |    0    |
-----------------------------------------
2023-04-23T07:36:21.642485+0200 DEBUG Collecting 1 of the 4 job(s) active.
2023-04-23T07:36:21.675115+0200 DEBUG 1/4 worker(s) available.
2023-04-23T07:36:22.270328+0200 DEBUG Bracket ID 0:
| budget  | pending | waiting |  done   |
-----------------------------------------
|  61.73  |   58    |    4    |   19    |
| 185.19  |   27    |    0    |    0    |
| 555.56  |    9    |    0    |    0    |
| 1666.67 |    3    |    0    |    0    |
| 5000.00 |    1    |    0    |    0    |
-----------------------------------------
2023-04-23T07:36:22.270328+0200 DEBUG Collecting 1 of the 4 job(s) active.
2023-04-23T07:36:22.784743+0200 DEBUG 1/4 worker(s) available.
2023-04-23T07:36:23.297103+0200 DEBUG Bracket ID 0:
| budget  | pending | waiting |  done   |
-----------------------------------------
|  61.73  |   57    |    4    |   20    |
| 185.19  |   27    |    0    |    0    |
| 555.56  |    9    |    0    |    0    |
| 1666.67 |    3    |    0    |    0    |
| 5000.00 |    1    |    0    |    0    |
-----------------------------------------
2023-04-23T07:36:25.362828+0200 DEBUG Collecting 1 of the 4 job(s) active.
2023-04-23T07:36:25.394762+0200 DEBUG 1/4 worker(s) available.
2023-04-23T07:36:26.103593+0200 DEBUG Bracket ID 0:
| budget  | pending | waiting |  done   |
-----------------------------------------
|  61.73  |   56    |    4    |   21    |
| 185.19  |   27    |    0    |    0    |
| 555.56  |    9    |    0    |    0    |
| 1666.67 |    3    |    0    |    0    |
| 5000.00 |    1    |    0    |    0    |
-----------------------------------------
2023-04-23T07:36:26.103593+0200 DEBUG Collecting 1 of the 4 job(s) active.
2023-04-23T07:36:26.837289+0200 DEBUG 1/4 worker(s) available.
2023-04-23T07:36:27.370190+0200 DEBUG Bracket ID 0:
| budget  | pending | waiting |  done   |
-----------------------------------------
|  61.73  |   55    |    4    |   22    |
| 185.19  |   27    |    0    |    0    |
| 555.56  |    9    |    0    |    0    |
| 1666.67 |    3    |    0    |    0    |
| 5000.00 |    1    |    0    |    0    |
-----------------------------------------
2023-04-23T07:36:32.189529+0200 DEBUG Collecting 1 of the 4 job(s) active.
2023-04-23T07:36:32.218407+0200 DEBUG 1/4 worker(s) available.
2023-04-23T07:36:32.773023+0200 DEBUG Bracket ID 0:
| budget  | pending | waiting |  done   |
-----------------------------------------
|  61.73  |   54    |    4    |   23    |
| 185.19  |   27    |    0    |    0    |
| 555.56  |    9    |    0    |    0    |
| 1666.67 |    3    |    0    |    0    |
| 5000.00 |    1    |    0    |    0    |
-----------------------------------------
2023-04-23T07:36:33.189005+0200 DEBUG Collecting 1 of the 4 job(s) active.
2023-04-23T07:36:33.349756+0200 DEBUG 1/4 worker(s) available.
2023-04-23T07:36:33.908604+0200 DEBUG Bracket ID 0:
| budget  | pending | waiting |  done   |
-----------------------------------------
|  61.73  |   53    |    4    |   24    |
| 185.19  |   27    |    0    |    0    |
| 555.56  |    9    |    0    |    0    |
| 1666.67 |    3    |    0    |    0    |
| 5000.00 |    1    |    0    |    0    |
-----------------------------------------
2023-04-23T07:36:34.410742+0200 DEBUG Collecting 1 of the 4 job(s) active.
2023-04-23T07:36:34.439616+0200 DEBUG 1/4 worker(s) available.
2023-04-23T07:36:34.959192+0200 DEBUG Bracket ID 0:
| budget  | pending | waiting |  done   |
-----------------------------------------
|  61.73  |   52    |    4    |   25    |
| 185.19  |   27    |    0    |    0    |
| 555.56  |    9    |    0    |    0    |
| 1666.67 |    3    |    0    |    0    |
| 5000.00 |    1    |    0    |    0    |
-----------------------------------------
2023-04-23T07:36:36.648729+0200 DEBUG Collecting 1 of the 4 job(s) active.
2023-04-23T07:36:36.681666+0200 DEBUG 1/4 worker(s) available.
2023-04-23T07:36:37.271570+0200 DEBUG Bracket ID 0:
| budget  | pending | waiting |  done   |
-----------------------------------------
|  61.73  |   51    |    4    |   26    |
| 185.19  |   27    |    0    |    0    |
| 555.56  |    9    |    0    |    0    |
| 1666.67 |    3    |    0    |    0    |
| 5000.00 |    1    |    0    |    0    |
-----------------------------------------
2023-04-23T07:36:38.242532+0200 DEBUG Collecting 1 of the 4 job(s) active.
2023-04-23T07:36:38.276494+0200 DEBUG 1/4 worker(s) available.
2023-04-23T07:36:38.866333+0200 DEBUG Bracket ID 0:
| budget  | pending | waiting |  done   |
-----------------------------------------
|  61.73  |   50    |    4    |   27    |
| 185.19  |   27    |    0    |    0    |
| 555.56  |    9    |    0    |    0    |
| 1666.67 |    3    |    0    |    0    |
| 5000.00 |    1    |    0    |    0    |
-----------------------------------------
2023-04-23T07:36:42.685312+0200 DEBUG Collecting 1 of the 4 job(s) active.
2023-04-23T07:36:42.719263+0200 DEBUG 1/4 worker(s) available.
2023-04-23T07:36:43.275895+0200 DEBUG Bracket ID 0:
| budget  | pending | waiting |  done   |
-----------------------------------------
|  61.73  |   49    |    4    |   28    |
| 185.19  |   27    |    0    |    0    |
| 555.56  |    9    |    0    |    0    |
| 1666.67 |    3    |    0    |    0    |
| 5000.00 |    1    |    0    |    0    |
-----------------------------------------
2023-04-23T07:36:43.802724+0200 DEBUG Collecting 1 of the 4 job(s) active.
2023-04-23T07:36:43.826581+0200 DEBUG 1/4 worker(s) available.
2023-04-23T07:36:44.269266+0200 DEBUG Bracket ID 0:
| budget  | pending | waiting |  done   |
-----------------------------------------
|  61.73  |   48    |    4    |   29    |
| 185.19  |   27    |    0    |    0    |
| 555.56  |    9    |    0    |    0    |
| 1666.67 |    3    |    0    |    0    |
| 5000.00 |    1    |    0    |    0    |
-----------------------------------------
2023-04-23T07:36:47.625095+0200 DEBUG Collecting 1 of the 4 job(s) active.
2023-04-23T07:36:47.647045+0200 DEBUG 1/4 worker(s) available.
2023-04-23T07:36:48.115917+0200 DEBUG Bracket ID 0:
| budget  | pending | waiting |  done   |
-----------------------------------------
|  61.73  |   47    |    4    |   30    |
| 185.19  |   27    |    0    |    0    |
| 555.56  |    9    |    0    |    0    |
| 1666.67 |    3    |    0    |    0    |
| 5000.00 |    1    |    0    |    0    |
-----------------------------------------
2023-04-23T07:36:48.488333+0200 DEBUG Collecting 1 of the 4 job(s) active.
2023-04-23T07:36:48.521287+0200 DEBUG 1/4 worker(s) available.
2023-04-23T07:36:49.084998+0200 DEBUG Bracket ID 0:
| budget  | pending | waiting |  done   |
-----------------------------------------
|  61.73  |   46    |    4    |   31    |
| 185.19  |   27    |    0    |    0    |
| 555.56  |    9    |    0    |    0    |
| 1666.67 |    3    |    0    |    0    |
| 5000.00 |    1    |    0    |    0    |
-----------------------------------------
2023-04-23T07:36:51.272806+0200 DEBUG Collecting 1 of the 4 job(s) active.
2023-04-23T07:36:51.306737+0200 DEBUG 1/4 worker(s) available.
2023-04-23T07:36:51.773166+0200 DEBUG Bracket ID 0:
| budget  | pending | waiting |  done   |
-----------------------------------------
|  61.73  |   45    |    4    |   32    |
| 185.19  |   27    |    0    |    0    |
| 555.56  |    9    |    0    |    0    |
| 1666.67 |    3    |    0    |    0    |
| 5000.00 |    1    |    0    |    0    |
-----------------------------------------
2023-04-23T07:36:51.773166+0200 DEBUG Collecting 1 of the 4 job(s) active.
2023-04-23T07:36:52.186866+0200 DEBUG 1/4 worker(s) available.
2023-04-23T07:36:52.634734+0200 DEBUG Bracket ID 0:
| budget  | pending | waiting |  done   |
-----------------------------------------
|  61.73  |   44    |    4    |   33    |
| 185.19  |   27    |    0    |    0    |
| 555.56  |    9    |    0    |    0    |
| 1666.67 |    3    |    0    |    0    |
| 5000.00 |    1    |    0    |    0    |
-----------------------------------------
2023-04-23T07:36:53.101013+0200 DEBUG Collecting 1 of the 4 job(s) active.
2023-04-23T07:36:53.128903+0200 DEBUG 1/4 worker(s) available.
2023-04-23T07:36:53.599849+0200 DEBUG Bracket ID 0:
| budget  | pending | waiting |  done   |
-----------------------------------------
|  61.73  |   43    |    4    |   34    |
| 185.19  |   27    |    0    |    0    |
| 555.56  |    9    |    0    |    0    |
| 1666.67 |    3    |    0    |    0    |
| 5000.00 |    1    |    0    |    0    |
-----------------------------------------
2023-04-23T07:36:54.956074+0200 DEBUG Collecting 1 of the 4 job(s) active.
2023-04-23T07:36:54.989085+0200 DEBUG 1/4 worker(s) available.
2023-04-23T07:36:55.490299+0200 DEBUG Bracket ID 0:
| budget  | pending | waiting |  done   |
-----------------------------------------
|  61.73  |   42    |    4    |   35    |
| 185.19  |   27    |    0    |    0    |
| 555.56  |    9    |    0    |    0    |
| 1666.67 |    3    |    0    |    0    |
| 5000.00 |    1    |    0    |    0    |
-----------------------------------------
2023-04-23T07:36:58.836690+0200 DEBUG Collecting 1 of the 4 job(s) active.
2023-04-23T07:36:58.856584+0200 DEBUG 1/4 worker(s) available.
2023-04-23T07:36:59.436406+0200 DEBUG Bracket ID 0:
| budget  | pending | waiting |  done   |
-----------------------------------------
|  61.73  |   41    |    4    |   36    |
| 185.19  |   27    |    0    |    0    |
| 555.56  |    9    |    0    |    0    |
| 1666.67 |    3    |    0    |    0    |
| 5000.00 |    1    |    0    |    0    |
-----------------------------------------
2023-04-23T07:36:59.711403+0200 DEBUG Collecting 1 of the 4 job(s) active.
2023-04-23T07:36:59.773239+0200 DEBUG 1/4 worker(s) available.
2023-04-23T07:37:00.207077+0200 DEBUG Bracket ID 0:
| budget  | pending | waiting |  done   |
-----------------------------------------
|  61.73  |   40    |    4    |   37    |
| 185.19  |   27    |    0    |    0    |
| 555.56  |    9    |    0    |    0    |
| 1666.67 |    3    |    0    |    0    |
| 5000.00 |    1    |    0    |    0    |
-----------------------------------------
2023-04-23T07:37:01.241392+0200 DEBUG Collecting 1 of the 4 job(s) active.
2023-04-23T07:37:01.268264+0200 DEBUG 1/4 worker(s) available.
2023-04-23T07:37:01.773218+0200 DEBUG Bracket ID 0:
| budget  | pending | waiting |  done   |
-----------------------------------------
|  61.73  |   39    |    4    |   38    |
| 185.19  |   27    |    0    |    0    |
| 555.56  |    9    |    0    |    0    |
| 1666.67 |    3    |    0    |    0    |
| 5000.00 |    1    |    0    |    0    |
-----------------------------------------
2023-04-23T07:37:02.870754+0200 DEBUG Collecting 1 of the 4 job(s) active.
2023-04-23T07:37:02.895671+0200 DEBUG 1/4 worker(s) available.
2023-04-23T07:37:03.411623+0200 DEBUG Bracket ID 0:
| budget  | pending | waiting |  done   |
-----------------------------------------
|  61.73  |   38    |    4    |   39    |
| 185.19  |   27    |    0    |    0    |
| 555.56  |    9    |    0    |    0    |
| 1666.67 |    3    |    0    |    0    |
| 5000.00 |    1    |    0    |    0    |
-----------------------------------------
2023-04-23T07:37:07.021437+0200 DEBUG Collecting 1 of the 4 job(s) active.
2023-04-23T07:37:07.032533+0200 DEBUG 1/4 worker(s) available.
2023-04-23T07:37:07.567382+0200 DEBUG Bracket ID 0:
| budget  | pending | waiting |  done   |
-----------------------------------------
|  61.73  |   37    |    4    |   40    |
| 185.19  |   27    |    0    |    0    |
| 555.56  |    9    |    0    |    0    |
| 1666.67 |    3    |    0    |    0    |
| 5000.00 |    1    |    0    |    0    |
-----------------------------------------
2023-04-23T07:37:08.385738+0200 DEBUG Collecting 1 of the 4 job(s) active.
2023-04-23T07:37:08.418593+0200 DEBUG 1/4 worker(s) available.
2023-04-23T07:37:09.036987+0200 DEBUG Bracket ID 0:
| budget  | pending | waiting |  done   |
-----------------------------------------
|  61.73  |   36    |    4    |   41    |
| 185.19  |   27    |    0    |    0    |
| 555.56  |    9    |    0    |    0    |
| 1666.67 |    3    |    0    |    0    |
| 5000.00 |    1    |    0    |    0    |
-----------------------------------------
2023-04-23T07:37:10.484309+0200 DEBUG Collecting 1 of the 4 job(s) active.
2023-04-23T07:37:10.516196+0200 DEBUG 1/4 worker(s) available.
2023-04-23T07:37:11.018176+0200 DEBUG Bracket ID 0:
| budget  | pending | waiting |  done   |
-----------------------------------------
|  61.73  |   35    |    4    |   42    |
| 185.19  |   27    |    0    |    0    |
| 555.56  |    9    |    0    |    0    |
| 1666.67 |    3    |    0    |    0    |
| 5000.00 |    1    |    0    |    0    |
-----------------------------------------
2023-04-23T07:37:11.473987+0200 DEBUG Collecting 1 of the 4 job(s) active.
2023-04-23T07:37:11.486065+0200 DEBUG 1/4 worker(s) available.
2023-04-23T07:37:11.948631+0200 DEBUG Bracket ID 0:
| budget  | pending | waiting |  done   |
-----------------------------------------
|  61.73  |   34    |    4    |   43    |
| 185.19  |   27    |    0    |    0    |
| 555.56  |    9    |    0    |    0    |
| 1666.67 |    3    |    0    |    0    |
| 5000.00 |    1    |    0    |    0    |
-----------------------------------------
2023-04-23T07:37:15.038626+0200 DEBUG Collecting 1 of the 4 job(s) active.
2023-04-23T07:37:15.071521+0200 DEBUG 1/4 worker(s) available.
2023-04-23T07:37:15.566004+0200 DEBUG Bracket ID 0:
| budget  | pending | waiting |  done   |
-----------------------------------------
|  61.73  |   33    |    4    |   44    |
| 185.19  |   27    |    0    |    0    |
| 555.56  |    9    |    0    |    0    |
| 1666.67 |    3    |    0    |    0    |
| 5000.00 |    1    |    0    |    0    |
-----------------------------------------
2023-04-23T07:37:15.932086+0200 DEBUG Collecting 1 of the 4 job(s) active.
2023-04-23T07:37:16.070182+0200 DEBUG 1/4 worker(s) available.
2023-04-23T07:37:16.535517+0200 DEBUG Bracket ID 0:
| budget  | pending | waiting |  done   |
-----------------------------------------
|  61.73  |   32    |    4    |   45    |
| 185.19  |   27    |    0    |    0    |
| 555.56  |    9    |    0    |    0    |
| 1666.67 |    3    |    0    |    0    |
| 5000.00 |    1    |    0    |    0    |
-----------------------------------------
2023-04-23T07:37:18.068823+0200 DEBUG Collecting 1 of the 4 job(s) active.
2023-04-23T07:37:18.098777+0200 DEBUG 1/4 worker(s) available.
2023-04-23T07:37:18.665691+0200 DEBUG Bracket ID 0:
| budget  | pending | waiting |  done   |
-----------------------------------------
|  61.73  |   31    |    4    |   46    |
| 185.19  |   27    |    0    |    0    |
| 555.56  |    9    |    0    |    0    |
| 1666.67 |    3    |    0    |    0    |
| 5000.00 |    1    |    0    |    0    |
-----------------------------------------
2023-04-23T07:37:18.665691+0200 DEBUG Collecting 1 of the 4 job(s) active.
2023-04-23T07:37:18.977829+0200 DEBUG 1/4 worker(s) available.
2023-04-23T07:37:19.439369+0200 DEBUG Bracket ID 0:
| budget  | pending | waiting |  done   |
-----------------------------------------
|  61.73  |   30    |    4    |   47    |
| 185.19  |   27    |    0    |    0    |
| 555.56  |    9    |    0    |    0    |
| 1666.67 |    3    |    0    |    0    |
| 5000.00 |    1    |    0    |    0    |
-----------------------------------------
2023-04-23T07:37:19.980714+0200 DEBUG Collecting 1 of the 4 job(s) active.
2023-04-23T07:37:20.007720+0200 DEBUG 1/4 worker(s) available.
2023-04-23T07:37:20.467584+0200 DEBUG Bracket ID 0:
| budget  | pending | waiting |  done   |
-----------------------------------------
|  61.73  |   29    |    4    |   48    |
| 185.19  |   27    |    0    |    0    |
| 555.56  |    9    |    0    |    0    |
| 1666.67 |    3    |    0    |    0    |
| 5000.00 |    1    |    0    |    0    |
-----------------------------------------
2023-04-23T07:37:22.505658+0200 DEBUG Collecting 1 of the 4 job(s) active.
2023-04-23T07:37:22.538577+0200 DEBUG 1/4 worker(s) available.
2023-04-23T07:37:23.039020+0200 DEBUG Bracket ID 0:
| budget  | pending | waiting |  done   |
-----------------------------------------
|  61.73  |   28    |    4    |   49    |
| 185.19  |   27    |    0    |    0    |
| 555.56  |    9    |    0    |    0    |
| 1666.67 |    3    |    0    |    0    |
| 5000.00 |    1    |    0    |    0    |
-----------------------------------------
2023-04-23T07:37:25.570824+0200 DEBUG Collecting 1 of the 4 job(s) active.
2023-04-23T07:37:25.603746+0200 DEBUG 1/4 worker(s) available.
2023-04-23T07:37:26.104009+0200 DEBUG Bracket ID 0:
| budget  | pending | waiting |  done   |
-----------------------------------------
|  61.73  |   27    |    4    |   50    |
| 185.19  |   27    |    0    |    0    |
| 555.56  |    9    |    0    |    0    |
| 1666.67 |    3    |    0    |    0    |
| 5000.00 |    1    |    0    |    0    |
-----------------------------------------
2023-04-23T07:37:27.926526+0200 DEBUG Collecting 1 of the 4 job(s) active.
2023-04-23T07:37:27.935618+0200 DEBUG 1/4 worker(s) available.
2023-04-23T07:37:28.547931+0200 DEBUG Bracket ID 0:
| budget  | pending | waiting |  done   |
-----------------------------------------
|  61.73  |   26    |    4    |   51    |
| 185.19  |   27    |    0    |    0    |
| 555.56  |    9    |    0    |    0    |
| 1666.67 |    3    |    0    |    0    |
| 5000.00 |    1    |    0    |    0    |
-----------------------------------------
2023-04-23T07:37:28.547931+0200 DEBUG Collecting 1 of the 4 job(s) active.
2023-04-23T07:37:28.860493+0200 DEBUG 1/4 worker(s) available.
2023-04-23T07:37:29.309426+0200 DEBUG Bracket ID 0:
| budget  | pending | waiting |  done   |
-----------------------------------------
|  61.73  |   25    |    4    |   52    |
| 185.19  |   27    |    0    |    0    |
| 555.56  |    9    |    0    |    0    |
| 1666.67 |    3    |    0    |    0    |
| 5000.00 |    1    |    0    |    0    |
-----------------------------------------
2023-04-23T07:37:29.735059+0200 DEBUG Collecting 1 of the 4 job(s) active.
2023-04-23T07:37:29.744127+0200 DEBUG 1/4 worker(s) available.
2023-04-23T07:37:30.243677+0200 DEBUG Bracket ID 0:
| budget  | pending | waiting |  done   |
-----------------------------------------
|  61.73  |   24    |    4    |   53    |
| 185.19  |   27    |    0    |    0    |
| 555.56  |    9    |    0    |    0    |
| 1666.67 |    3    |    0    |    0    |
| 5000.00 |    1    |    0    |    0    |
-----------------------------------------
2023-04-23T07:37:33.400196+0200 DEBUG Collecting 1 of the 4 job(s) active.
2023-04-23T07:37:33.429080+0200 DEBUG 1/4 worker(s) available.
2023-04-23T07:37:33.932550+0200 DEBUG Bracket ID 0:
| budget  | pending | waiting |  done   |
-----------------------------------------
|  61.73  |   23    |    4    |   54    |
| 185.19  |   27    |    0    |    0    |
| 555.56  |    9    |    0    |    0    |
| 1666.67 |    3    |    0    |    0    |
| 5000.00 |    1    |    0    |    0    |
-----------------------------------------
2023-04-23T07:37:35.745858+0200 DEBUG Collecting 1 of the 4 job(s) active.
2023-04-23T07:37:35.759997+0200 DEBUG 1/4 worker(s) available.
2023-04-23T07:37:36.229177+0200 DEBUG Bracket ID 0:
| budget  | pending | waiting |  done   |
-----------------------------------------
|  61.73  |   22    |    4    |   55    |
| 185.19  |   27    |    0    |    0    |
| 555.56  |    9    |    0    |    0    |
| 1666.67 |    3    |    0    |    0    |
| 5000.00 |    1    |    0    |    0    |
-----------------------------------------
2023-04-23T07:37:37.245803+0200 DEBUG Collecting 1 of the 4 job(s) active.
2023-04-23T07:37:37.263895+0200 DEBUG 1/4 worker(s) available.
2023-04-23T07:37:37.732674+0200 DEBUG Bracket ID 0:
| budget  | pending | waiting |  done   |
-----------------------------------------
|  61.73  |   21    |    4    |   56    |
| 185.19  |   27    |    0    |    0    |
| 555.56  |    9    |    0    |    0    |
| 1666.67 |    3    |    0    |    0    |
| 5000.00 |    1    |    0    |    0    |
-----------------------------------------
2023-04-23T07:37:38.188191+0200 DEBUG Collecting 1 of the 4 job(s) active.
2023-04-23T07:37:38.203274+0200 DEBUG 1/4 worker(s) available.
2023-04-23T07:37:38.698635+0200 DEBUG Bracket ID 0:
| budget  | pending | waiting |  done   |
-----------------------------------------
|  61.73  |   20    |    4    |   57    |
| 185.19  |   27    |    0    |    0    |
| 555.56  |    9    |    0    |    0    |
| 1666.67 |    3    |    0    |    0    |
| 5000.00 |    1    |    0    |    0    |
-----------------------------------------
2023-04-23T07:37:41.445104+0200 DEBUG Collecting 1 of the 4 job(s) active.
2023-04-23T07:37:41.460194+0200 DEBUG 1/4 worker(s) available.
2023-04-23T07:37:41.962879+0200 DEBUG Bracket ID 0:
| budget  | pending | waiting |  done   |
-----------------------------------------
|  61.73  |   19    |    4    |   58    |
| 185.19  |   27    |    0    |    0    |
| 555.56  |    9    |    0    |    0    |
| 1666.67 |    3    |    0    |    0    |
| 5000.00 |    1    |    0    |    0    |
-----------------------------------------
2023-04-23T07:37:43.418338+0200 DEBUG Collecting 1 of the 4 job(s) active.
2023-04-23T07:37:43.449259+0200 DEBUG 1/4 worker(s) available.
2023-04-23T07:37:43.954079+0200 DEBUG Bracket ID 0:
| budget  | pending | waiting |  done   |
-----------------------------------------
|  61.73  |   18    |    4    |   59    |
| 185.19  |   27    |    0    |    0    |
| 555.56  |    9    |    0    |    0    |
| 1666.67 |    3    |    0    |    0    |
| 5000.00 |    1    |    0    |    0    |
-----------------------------------------
2023-04-23T07:37:46.704351+0200 DEBUG Collecting 1 of the 4 job(s) active.
2023-04-23T07:37:46.716408+0200 DEBUG 1/4 worker(s) available.
2023-04-23T07:37:47.364429+0200 DEBUG Bracket ID 0:
| budget  | pending | waiting |  done   |
-----------------------------------------
|  61.73  |   17    |    4    |   60    |
| 185.19  |   27    |    0    |    0    |
| 555.56  |    9    |    0    |    0    |
| 1666.67 |    3    |    0    |    0    |
| 5000.00 |    1    |    0    |    0    |
-----------------------------------------
2023-04-23T07:37:47.770249+0200 DEBUG Collecting 1 of the 4 job(s) active.
2023-04-23T07:37:47.776331+0200 DEBUG 1/4 worker(s) available.
2023-04-23T07:37:48.272166+0200 DEBUG Bracket ID 0:
| budget  | pending | waiting |  done   |
-----------------------------------------
|  61.73  |   16    |    4    |   61    |
| 185.19  |   27    |    0    |    0    |
| 555.56  |    9    |    0    |    0    |
| 1666.67 |    3    |    0    |    0    |
| 5000.00 |    1    |    0    |    0    |
-----------------------------------------
2023-04-23T07:37:49.374094+0200 DEBUG Collecting 1 of the 4 job(s) active.
2023-04-23T07:37:49.395078+0200 DEBUG 1/4 worker(s) available.
2023-04-23T07:37:49.906079+0200 DEBUG Bracket ID 0:
| budget  | pending | waiting |  done   |
-----------------------------------------
|  61.73  |   15    |    4    |   62    |
| 185.19  |   27    |    0    |    0    |
| 555.56  |    9    |    0    |    0    |
| 1666.67 |    3    |    0    |    0    |
| 5000.00 |    1    |    0    |    0    |
-----------------------------------------
2023-04-23T07:37:51.302955+0200 DEBUG Collecting 1 of the 4 job(s) active.
2023-04-23T07:37:51.335939+0200 DEBUG 1/4 worker(s) available.
2023-04-23T07:37:51.820405+0200 DEBUG Bracket ID 0:
| budget  | pending | waiting |  done   |
-----------------------------------------
|  61.73  |   14    |    4    |   63    |
| 185.19  |   27    |    0    |    0    |
| 555.56  |    9    |    0    |    0    |
| 1666.67 |    3    |    0    |    0    |
| 5000.00 |    1    |    0    |    0    |
-----------------------------------------
2023-04-23T07:37:54.938488+0200 DEBUG Collecting 1 of the 4 job(s) active.
2023-04-23T07:37:54.944566+0200 DEBUG 1/4 worker(s) available.
2023-04-23T07:37:55.427493+0200 DEBUG Bracket ID 0:
| budget  | pending | waiting |  done   |
-----------------------------------------
|  61.73  |   13    |    4    |   64    |
| 185.19  |   27    |    0    |    0    |
| 555.56  |    9    |    0    |    0    |
| 1666.67 |    3    |    0    |    0    |
| 5000.00 |    1    |    0    |    0    |
-----------------------------------------
2023-04-23T07:37:56.071755+0200 DEBUG Collecting 1 of the 4 job(s) active.
2023-04-23T07:37:56.104785+0200 DEBUG 1/4 worker(s) available.
2023-04-23T07:37:56.704547+0200 DEBUG Bracket ID 0:
| budget  | pending | waiting |  done   |
-----------------------------------------
|  61.73  |   12    |    4    |   65    |
| 185.19  |   27    |    0    |    0    |
| 555.56  |    9    |    0    |    0    |
| 1666.67 |    3    |    0    |    0    |
| 5000.00 |    1    |    0    |    0    |
-----------------------------------------
2023-04-23T07:37:57.805862+0200 DEBUG Collecting 1 of the 4 job(s) active.
2023-04-23T07:37:57.838811+0200 DEBUG 1/4 worker(s) available.
2023-04-23T07:37:58.408239+0200 DEBUG Bracket ID 0:
| budget  | pending | waiting |  done   |
-----------------------------------------
|  61.73  |   11    |    4    |   66    |
| 185.19  |   27    |    0    |    0    |
| 555.56  |    9    |    0    |    0    |
| 1666.67 |    3    |    0    |    0    |
| 5000.00 |    1    |    0    |    0    |
-----------------------------------------
2023-04-23T07:37:58.759837+0200 DEBUG Collecting 1 of the 4 job(s) active.
2023-04-23T07:37:58.996940+0200 DEBUG 1/4 worker(s) available.
2023-04-23T07:37:59.439180+0200 DEBUG Bracket ID 0:
| budget  | pending | waiting |  done   |
-----------------------------------------
|  61.73  |   10    |    4    |   67    |
| 185.19  |   27    |    0    |    0    |
| 555.56  |    9    |    0    |    0    |
| 1666.67 |    3    |    0    |    0    |
| 5000.00 |    1    |    0    |    0    |
-----------------------------------------
2023-04-23T07:38:03.807604+0200 DEBUG Collecting 1 of the 4 job(s) active.
2023-04-23T07:38:03.830603+0200 DEBUG 1/4 worker(s) available.
2023-04-23T07:38:04.316369+0200 DEBUG Bracket ID 0:
| budget  | pending | waiting |  done   |
-----------------------------------------
|  61.73  |    9    |    4    |   68    |
| 185.19  |   27    |    0    |    0    |
| 555.56  |    9    |    0    |    0    |
| 1666.67 |    3    |    0    |    0    |
| 5000.00 |    1    |    0    |    0    |
-----------------------------------------
2023-04-23T07:38:04.964242+0200 DEBUG Collecting 1 of the 4 job(s) active.
2023-04-23T07:38:04.998291+0200 DEBUG 1/4 worker(s) available.
2023-04-23T07:38:05.458690+0200 DEBUG Bracket ID 0:
| budget  | pending | waiting |  done   |
-----------------------------------------
|  61.73  |    8    |    4    |   69    |
| 185.19  |   27    |    0    |    0    |
| 555.56  |    9    |    0    |    0    |
| 1666.67 |    3    |    0    |    0    |
| 5000.00 |    1    |    0    |    0    |
-----------------------------------------
2023-04-23T07:38:05.466777+0200 DEBUG Collecting 1 of the 4 job(s) active.
2023-04-23T07:38:05.818160+0200 DEBUG 1/4 worker(s) available.
2023-04-23T07:38:06.245656+0200 DEBUG Bracket ID 0:
| budget  | pending | waiting |  done   |
-----------------------------------------
|  61.73  |    7    |    4    |   70    |
| 185.19  |   27    |    0    |    0    |
| 555.56  |    9    |    0    |    0    |
| 1666.67 |    3    |    0    |    0    |
| 5000.00 |    1    |    0    |    0    |
-----------------------------------------
2023-04-23T07:38:06.716027+0200 DEBUG Collecting 1 of the 4 job(s) active.
2023-04-23T07:38:06.723112+0200 DEBUG 1/4 worker(s) available.
2023-04-23T07:38:07.242468+0200 DEBUG Bracket ID 0:
| budget  | pending | waiting |  done   |
-----------------------------------------
|  61.73  |    6    |    4    |   71    |
| 185.19  |   27    |    0    |    0    |
| 555.56  |    9    |    0    |    0    |
| 1666.67 |    3    |    0    |    0    |
| 5000.00 |    1    |    0    |    0    |
-----------------------------------------
2023-04-23T07:38:11.141132+0200 DEBUG Collecting 1 of the 4 job(s) active.
2023-04-23T07:38:11.150241+0200 DEBUG 1/4 worker(s) available.
2023-04-23T07:38:11.653913+0200 DEBUG Bracket ID 0:
| budget  | pending | waiting |  done   |
-----------------------------------------
|  61.73  |    5    |    4    |   72    |
| 185.19  |   27    |    0    |    0    |
| 555.56  |    9    |    0    |    0    |
| 1666.67 |    3    |    0    |    0    |
| 5000.00 |    1    |    0    |    0    |
-----------------------------------------
2023-04-23T07:38:12.085188+0200 DEBUG Collecting 1 of the 4 job(s) active.
2023-04-23T07:38:12.116016+0200 DEBUG 1/4 worker(s) available.
2023-04-23T07:38:12.582396+0200 DEBUG Bracket ID 0:
| budget  | pending | waiting |  done   |
-----------------------------------------
|  61.73  |    4    |    4    |   73    |
| 185.19  |   27    |    0    |    0    |
| 555.56  |    9    |    0    |    0    |
| 1666.67 |    3    |    0    |    0    |
| 5000.00 |    1    |    0    |    0    |
-----------------------------------------
2023-04-23T07:38:12.973016+0200 DEBUG Collecting 1 of the 4 job(s) active.
2023-04-23T07:38:12.998025+0200 DEBUG 1/4 worker(s) available.
2023-04-23T07:38:13.614798+0200 DEBUG Bracket ID 0:
| budget  | pending | waiting |  done   |
-----------------------------------------
|  61.73  |    3    |    4    |   74    |
| 185.19  |   27    |    0    |    0    |
| 555.56  |    9    |    0    |    0    |
| 1666.67 |    3    |    0    |    0    |
| 5000.00 |    1    |    0    |    0    |
-----------------------------------------
2023-04-23T07:38:13.614798+0200 DEBUG Collecting 1 of the 4 job(s) active.
2023-04-23T07:38:13.912416+0200 DEBUG 1/4 worker(s) available.
2023-04-23T07:38:14.354297+0200 DEBUG Bracket ID 0:
| budget  | pending | waiting |  done   |
-----------------------------------------
|  61.73  |    2    |    4    |   75    |
| 185.19  |   27    |    0    |    0    |
| 555.56  |    9    |    0    |    0    |
| 1666.67 |    3    |    0    |    0    |
| 5000.00 |    1    |    0    |    0    |
-----------------------------------------
2023-04-23T07:38:18.801269+0200 DEBUG Collecting 1 of the 4 job(s) active.
2023-04-23T07:38:18.812358+0200 DEBUG 1/4 worker(s) available.
2023-04-23T07:38:19.274926+0200 DEBUG Bracket ID 0:
| budget  | pending | waiting |  done   |
-----------------------------------------
|  61.73  |    1    |    4    |   76    |
| 185.19  |   27    |    0    |    0    |
| 555.56  |    9    |    0    |    0    |
| 1666.67 |    3    |    0    |    0    |
| 5000.00 |    1    |    0    |    0    |
-----------------------------------------
2023-04-23T07:38:19.274926+0200 DEBUG Collecting 1 of the 4 job(s) active.
2023-04-23T07:38:19.636322+0200 DEBUG 1/4 worker(s) available.
2023-04-23T07:38:20.048049+0200 DEBUG Bracket ID 0:
| budget  | pending | waiting |  done   |
-----------------------------------------
|  61.73  |    0    |    4    |   77    |
| 185.19  |   27    |    0    |    0    |
| 555.56  |    9    |    0    |    0    |
| 1666.67 |    3    |    0    |    0    |
| 5000.00 |    1    |    0    |    0    |
-----------------------------------------
2023-04-23T07:38:20.048049+0200 DEBUG Collecting 1 of the 4 job(s) active.
2023-04-23T07:38:20.475073+0200 DEBUG 1/4 worker(s) available.
2023-04-23T07:38:20.914674+0200 DEBUG Bracket ID 0:
| budget  | pending | waiting |  done   |
-----------------------------------------
|  61.73  |    0    |    3    |   78    |
| 185.19  |   27    |    0    |    0    |
| 555.56  |    9    |    0    |    0    |
| 1666.67 |    3    |    0    |    0    |
| 5000.00 |    1    |    0    |    0    |
-----------------------------------------
2023-04-23T07:38:20.915688+0200 DEBUG Bracket ID 1:
| budget  | pending | waiting |  done   |
-----------------------------------------
| 185.19  |   26    |    1    |    0    |
| 555.56  |    9    |    0    |    0    |
| 1666.67 |    3    |    0    |    0    |
| 5000.00 |    1    |    0    |    0    |
-----------------------------------------
2023-04-23T07:38:21.282977+0200 DEBUG Collecting 1 of the 4 job(s) active.
2023-04-23T07:38:21.315922+0200 DEBUG 1/4 worker(s) available.
2023-04-23T07:38:21.839331+0200 DEBUG Bracket ID 0:
| budget  | pending | waiting |  done   |
-----------------------------------------
|  61.73  |    0    |    2    |   79    |
| 185.19  |   27    |    0    |    0    |
| 555.56  |    9    |    0    |    0    |
| 1666.67 |    3    |    0    |    0    |
| 5000.00 |    1    |    0    |    0    |
-----------------------------------------
2023-04-23T07:38:21.840330+0200 DEBUG Bracket ID 1:
| budget  | pending | waiting |  done   |
-----------------------------------------
| 185.19  |   25    |    2    |    0    |
| 555.56  |    9    |    0    |    0    |
| 1666.67 |    3    |    0    |    0    |
| 5000.00 |    1    |    0    |    0    |
-----------------------------------------
2023-04-23T07:38:24.923085+0200 DEBUG Collecting 1 of the 4 job(s) active.
2023-04-23T07:38:24.935171+0200 DEBUG 1/4 worker(s) available.
2023-04-23T07:38:25.434630+0200 DEBUG Bracket ID 0:
| budget  | pending | waiting |  done   |
-----------------------------------------
|  61.73  |    0    |    1    |   80    |
| 185.19  |   27    |    0    |    0    |
| 555.56  |    9    |    0    |    0    |
| 1666.67 |    3    |    0    |    0    |
| 5000.00 |    1    |    0    |    0    |
-----------------------------------------
2023-04-23T07:38:25.434630+0200 DEBUG Bracket ID 1:
| budget  | pending | waiting |  done   |
-----------------------------------------
| 185.19  |   24    |    3    |    0    |
| 555.56  |    9    |    0    |    0    |
| 1666.67 |    3    |    0    |    0    |
| 5000.00 |    1    |    0    |    0    |
-----------------------------------------
2023-04-23T07:38:26.331698+0200 DEBUG Collecting 1 of the 4 job(s) active.
2023-04-23T07:38:26.365662+0200 DEBUG 1/4 worker(s) available.
2023-04-23T07:38:26.838970+0200 DEBUG Bracket ID 0:
| budget  | pending | waiting |  done   |
-----------------------------------------
|  61.73  |    0    |    0    |   81    |
| 185.19  |   26    |    1    |    0    |
| 555.56  |    9    |    0    |    0    |
| 1666.67 |    3    |    0    |    0    |
| 5000.00 |    1    |    0    |    0    |
-----------------------------------------
2023-04-23T07:38:26.838970+0200 DEBUG Bracket ID 1:
| budget  | pending | waiting |  done   |
-----------------------------------------
| 185.19  |   24    |    3    |    0    |
| 555.56  |    9    |    0    |    0    |
| 1666.67 |    3    |    0    |    0    |
| 5000.00 |    1    |    0    |    0    |
-----------------------------------------
2023-04-23T07:38:29.398443+0200 DEBUG Collecting 1 of the 4 job(s) active.
2023-04-23T07:38:29.408523+0200 DEBUG 1/4 worker(s) available.
2023-04-23T07:38:29.872676+0200 DEBUG Bracket ID 0:
| budget  | pending | waiting |  done   |
-----------------------------------------
|  61.73  |    0    |    0    |   81    |
| 185.19  |   25    |    2    |    0    |
| 555.56  |    9    |    0    |    0    |
| 1666.67 |    3    |    0    |    0    |
| 5000.00 |    1    |    0    |    0    |
-----------------------------------------
2023-04-23T07:38:29.894168+0200 DEBUG Bracket ID 1:
| budget  | pending | waiting |  done   |
-----------------------------------------
| 185.19  |   24    |    2    |    1    |
| 555.56  |    9    |    0    |    0    |
| 1666.67 |    3    |    0    |    0    |
| 5000.00 |    1    |    0    |    0    |
-----------------------------------------
2023-04-23T07:38:30.359442+0200 DEBUG Collecting 1 of the 4 job(s) active.
2023-04-23T07:38:30.366547+0200 DEBUG 1/4 worker(s) available.
2023-04-23T07:38:30.866996+0200 DEBUG Bracket ID 0:
| budget  | pending | waiting |  done   |
-----------------------------------------
|  61.73  |    0    |    0    |   81    |
| 185.19  |   24    |    3    |    0    |
| 555.56  |    9    |    0    |    0    |
| 1666.67 |    3    |    0    |    0    |
| 5000.00 |    1    |    0    |    0    |
-----------------------------------------
2023-04-23T07:38:30.867992+0200 DEBUG Bracket ID 1:
| budget  | pending | waiting |  done   |
-----------------------------------------
| 185.19  |   24    |    1    |    2    |
| 555.56  |    9    |    0    |    0    |
| 1666.67 |    3    |    0    |    0    |
| 5000.00 |    1    |    0    |    0    |
-----------------------------------------
2023-04-23T07:38:33.772819+0200 DEBUG Collecting 1 of the 4 job(s) active.
2023-04-23T07:38:33.805765+0200 DEBUG 1/4 worker(s) available.
2023-04-23T07:38:34.405511+0200 DEBUG Bracket ID 0:
| budget  | pending | waiting |  done   |
-----------------------------------------
|  61.73  |    0    |    0    |   81    |
| 185.19  |   23    |    3    |    1    |
| 555.56  |    9    |    0    |    0    |
| 1666.67 |    3    |    0    |    0    |
| 5000.00 |    1    |    0    |    0    |
-----------------------------------------
2023-04-23T07:38:34.421328+0200 DEBUG Bracket ID 1:
| budget  | pending | waiting |  done   |
-----------------------------------------
| 185.19  |   24    |    1    |    2    |
| 555.56  |    9    |    0    |    0    |
| 1666.67 |    3    |    0    |    0    |
| 5000.00 |    1    |    0    |    0    |
-----------------------------------------
2023-04-23T07:38:34.870386+0200 DEBUG Collecting 1 of the 4 job(s) active.
2023-04-23T07:38:34.891255+0200 DEBUG 1/4 worker(s) available.
2023-04-23T07:38:35.353886+0200 DEBUG Bracket ID 0:
| budget  | pending | waiting |  done   |
-----------------------------------------
|  61.73  |    0    |    0    |   81    |
| 185.19  |   22    |    4    |    1    |
| 555.56  |    9    |    0    |    0    |
| 1666.67 |    3    |    0    |    0    |
| 5000.00 |    1    |    0    |    0    |
-----------------------------------------
2023-04-23T07:38:35.354921+0200 DEBUG Bracket ID 1:
| budget  | pending | waiting |  done   |
-----------------------------------------
| 185.19  |   24    |    0    |    3    |
| 555.56  |    9    |    0    |    0    |
| 1666.67 |    3    |    0    |    0    |
| 5000.00 |    1    |    0    |    0    |
-----------------------------------------
2023-04-23T07:38:35.896597+0200 DEBUG Collecting 1 of the 4 job(s) active.
2023-04-23T07:38:35.915531+0200 DEBUG 1/4 worker(s) available.
2023-04-23T07:38:36.391803+0200 DEBUG Bracket ID 0:
| budget  | pending | waiting |  done   |
-----------------------------------------
|  61.73  |    0    |    0    |   81    |
| 185.19  |   21    |    4    |    2    |
| 555.56  |    9    |    0    |    0    |
| 1666.67 |    3    |    0    |    0    |
| 5000.00 |    1    |    0    |    0    |
-----------------------------------------
2023-04-23T07:38:36.394803+0200 DEBUG Bracket ID 1:
| budget  | pending | waiting |  done   |
-----------------------------------------
| 185.19  |   24    |    0    |    3    |
| 555.56  |    9    |    0    |    0    |
| 1666.67 |    3    |    0    |    0    |
| 5000.00 |    1    |    0    |    0    |
-----------------------------------------
2023-04-23T07:38:36.763213+0200 DEBUG Collecting 1 of the 4 job(s) active.
2023-04-23T07:38:36.853093+0200 DEBUG 1/4 worker(s) available.
2023-04-23T07:38:37.327899+0200 DEBUG Bracket ID 0:
| budget  | pending | waiting |  done   |
-----------------------------------------
|  61.73  |    0    |    0    |   81    |
| 185.19  |   20    |    4    |    3    |
| 555.56  |    9    |    0    |    0    |
| 1666.67 |    3    |    0    |    0    |
| 5000.00 |    1    |    0    |    0    |
-----------------------------------------
2023-04-23T07:38:37.328904+0200 DEBUG Bracket ID 1:
| budget  | pending | waiting |  done   |
-----------------------------------------
| 185.19  |   24    |    0    |    3    |
| 555.56  |    9    |    0    |    0    |
| 1666.67 |    3    |    0    |    0    |
| 5000.00 |    1    |    0    |    0    |
-----------------------------------------
2023-04-23T07:38:41.184443+0200 DEBUG Collecting 1 of the 4 job(s) active.
2023-04-23T07:38:41.198518+0200 DEBUG 1/4 worker(s) available.
2023-04-23T07:38:41.769584+0200 DEBUG Bracket ID 0:
| budget  | pending | waiting |  done   |
-----------------------------------------
|  61.73  |    0    |    0    |   81    |
| 185.19  |   19    |    4    |    4    |
| 555.56  |    9    |    0    |    0    |
| 1666.67 |    3    |    0    |    0    |
| 5000.00 |    1    |    0    |    0    |
-----------------------------------------
2023-04-23T07:38:41.770582+0200 DEBUG Bracket ID 1:
| budget  | pending | waiting |  done   |
-----------------------------------------
| 185.19  |   24    |    0    |    3    |
| 555.56  |    9    |    0    |    0    |
| 1666.67 |    3    |    0    |    0    |
| 5000.00 |    1    |    0    |    0    |
-----------------------------------------
2023-04-23T07:38:42.239317+0200 DEBUG Collecting 1 of the 4 job(s) active.
2023-04-23T07:38:42.269268+0200 DEBUG 1/4 worker(s) available.
2023-04-23T07:38:42.918246+0200 DEBUG Bracket ID 0:
| budget  | pending | waiting |  done   |
-----------------------------------------
|  61.73  |    0    |    0    |   81    |
| 185.19  |   18    |    4    |    5    |
| 555.56  |    9    |    0    |    0    |
| 1666.67 |    3    |    0    |    0    |
| 5000.00 |    1    |    0    |    0    |
-----------------------------------------
2023-04-23T07:38:42.918246+0200 DEBUG Bracket ID 1:
| budget  | pending | waiting |  done   |
-----------------------------------------
| 185.19  |   24    |    0    |    3    |
| 555.56  |    9    |    0    |    0    |
| 1666.67 |    3    |    0    |    0    |
| 5000.00 |    1    |    0    |    0    |
-----------------------------------------
2023-04-23T07:38:43.644997+0200 DEBUG Collecting 1 of the 4 job(s) active.
2023-04-23T07:38:43.674919+0200 DEBUG 1/4 worker(s) available.
2023-04-23T07:38:44.152336+0200 DEBUG Bracket ID 0:
| budget  | pending | waiting |  done   |
-----------------------------------------
|  61.73  |    0    |    0    |   81    |
| 185.19  |   17    |    4    |    6    |
| 555.56  |    9    |    0    |    0    |
| 1666.67 |    3    |    0    |    0    |
| 5000.00 |    1    |    0    |    0    |
-----------------------------------------
2023-04-23T07:38:44.153334+0200 DEBUG Bracket ID 1:
| budget  | pending | waiting |  done   |
-----------------------------------------
| 185.19  |   24    |    0    |    3    |
| 555.56  |    9    |    0    |    0    |
| 1666.67 |    3    |    0    |    0    |
| 5000.00 |    1    |    0    |    0    |
-----------------------------------------
2023-04-23T07:38:45.276065+0200 DEBUG Collecting 1 of the 4 job(s) active.
2023-04-23T07:38:45.293159+0200 DEBUG 1/4 worker(s) available.
2023-04-23T07:38:45.804035+0200 DEBUG Bracket ID 0:
| budget  | pending | waiting |  done   |
-----------------------------------------
|  61.73  |    0    |    0    |   81    |
| 185.19  |   16    |    4    |    7    |
| 555.56  |    9    |    0    |    0    |
| 1666.67 |    3    |    0    |    0    |
| 5000.00 |    1    |    0    |    0    |
-----------------------------------------
2023-04-23T07:38:45.805031+0200 DEBUG Bracket ID 1:
| budget  | pending | waiting |  done   |
-----------------------------------------
| 185.19  |   24    |    0    |    3    |
| 555.56  |    9    |    0    |    0    |
| 1666.67 |    3    |    0    |    0    |
| 5000.00 |    1    |    0    |    0    |
-----------------------------------------
2023-04-23T07:38:48.234654+0200 DEBUG Collecting 1 of the 4 job(s) active.
2023-04-23T07:38:48.247755+0200 DEBUG 1/4 worker(s) available.
2023-04-23T07:38:48.747551+0200 DEBUG Bracket ID 0:
| budget  | pending | waiting |  done   |
-----------------------------------------
|  61.73  |    0    |    0    |   81    |
| 185.19  |   15    |    4    |    8    |
| 555.56  |    9    |    0    |    0    |
| 1666.67 |    3    |    0    |    0    |
| 5000.00 |    1    |    0    |    0    |
-----------------------------------------
2023-04-23T07:38:48.747551+0200 DEBUG Bracket ID 1:
| budget  | pending | waiting |  done   |
-----------------------------------------
| 185.19  |   24    |    0    |    3    |
| 555.56  |    9    |    0    |    0    |
| 1666.67 |    3    |    0    |    0    |
| 5000.00 |    1    |    0    |    0    |
-----------------------------------------
2023-04-23T07:38:50.909288+0200 DEBUG Collecting 1 of the 4 job(s) active.
2023-04-23T07:38:50.942215+0200 DEBUG 1/4 worker(s) available.
2023-04-23T07:38:51.375643+0200 DEBUG Bracket ID 0:
| budget  | pending | waiting |  done   |
-----------------------------------------
|  61.73  |    0    |    0    |   81    |
| 185.19  |   14    |    4    |    9    |
| 555.56  |    9    |    0    |    0    |
| 1666.67 |    3    |    0    |    0    |
| 5000.00 |    1    |    0    |    0    |
-----------------------------------------
2023-04-23T07:38:51.375643+0200 DEBUG Bracket ID 1:
| budget  | pending | waiting |  done   |
-----------------------------------------
| 185.19  |   24    |    0    |    3    |
| 555.56  |    9    |    0    |    0    |
| 1666.67 |    3    |    0    |    0    |
| 5000.00 |    1    |    0    |    0    |
-----------------------------------------
2023-04-23T07:38:51.375643+0200 DEBUG Collecting 1 of the 4 job(s) active.
2023-04-23T07:38:51.703172+0200 DEBUG 1/4 worker(s) available.
2023-04-23T07:38:52.241185+0200 DEBUG Bracket ID 0:
| budget  | pending | waiting |  done   |
-----------------------------------------
|  61.73  |    0    |    0    |   81    |
| 185.19  |   13    |    4    |   10    |
| 555.56  |    9    |    0    |    0    |
| 1666.67 |    3    |    0    |    0    |
| 5000.00 |    1    |    0    |    0    |
-----------------------------------------
2023-04-23T07:38:52.241185+0200 DEBUG Bracket ID 1:
| budget  | pending | waiting |  done   |
-----------------------------------------
| 185.19  |   24    |    0    |    3    |
| 555.56  |    9    |    0    |    0    |
| 1666.67 |    3    |    0    |    0    |
| 5000.00 |    1    |    0    |    0    |
-----------------------------------------
2023-04-23T07:38:52.871010+0200 DEBUG Collecting 1 of the 4 job(s) active.
2023-04-23T07:38:52.879122+0200 DEBUG 1/4 worker(s) available.
2023-04-23T07:38:53.381015+0200 DEBUG Bracket ID 0:
| budget  | pending | waiting |  done   |
-----------------------------------------
|  61.73  |    0    |    0    |   81    |
| 185.19  |   12    |    4    |   11    |
| 555.56  |    9    |    0    |    0    |
| 1666.67 |    3    |    0    |    0    |
| 5000.00 |    1    |    0    |    0    |
-----------------------------------------
2023-04-23T07:38:53.381015+0200 DEBUG Bracket ID 1:
| budget  | pending | waiting |  done   |
-----------------------------------------
| 185.19  |   24    |    0    |    3    |
| 555.56  |    9    |    0    |    0    |
| 1666.67 |    3    |    0    |    0    |
| 5000.00 |    1    |    0    |    0    |
-----------------------------------------
2023-04-23T07:38:55.576398+0200 DEBUG Collecting 1 of the 4 job(s) active.
2023-04-23T07:38:55.598235+0200 DEBUG 1/4 worker(s) available.
2023-04-23T07:38:56.140002+0200 DEBUG Bracket ID 0:
| budget  | pending | waiting |  done   |
-----------------------------------------
|  61.73  |    0    |    0    |   81    |
| 185.19  |   11    |    4    |   12    |
| 555.56  |    9    |    0    |    0    |
| 1666.67 |    3    |    0    |    0    |
| 5000.00 |    1    |    0    |    0    |
-----------------------------------------
2023-04-23T07:38:56.140002+0200 DEBUG Bracket ID 1:
| budget  | pending | waiting |  done   |
-----------------------------------------
| 185.19  |   24    |    0    |    3    |
| 555.56  |    9    |    0    |    0    |
| 1666.67 |    3    |    0    |    0    |
| 5000.00 |    1    |    0    |    0    |
-----------------------------------------
2023-04-23T07:38:57.210199+0200 DEBUG Collecting 1 of the 4 job(s) active.
2023-04-23T07:38:57.234951+0200 DEBUG 1/4 worker(s) available.
2023-04-23T07:38:57.808014+0200 DEBUG Bracket ID 0:
| budget  | pending | waiting |  done   |
-----------------------------------------
|  61.73  |    0    |    0    |   81    |
| 185.19  |   10    |    4    |   13    |
| 555.56  |    9    |    0    |    0    |
| 1666.67 |    3    |    0    |    0    |
| 5000.00 |    1    |    0    |    0    |
-----------------------------------------
2023-04-23T07:38:57.827944+0200 DEBUG Bracket ID 1:
| budget  | pending | waiting |  done   |
-----------------------------------------
| 185.19  |   24    |    0    |    3    |
| 555.56  |    9    |    0    |    0    |
| 1666.67 |    3    |    0    |    0    |
| 5000.00 |    1    |    0    |    0    |
-----------------------------------------
2023-04-23T07:38:58.668677+0200 DEBUG Collecting 1 of the 4 job(s) active.
2023-04-23T07:38:58.702596+0200 DEBUG 1/4 worker(s) available.
2023-04-23T07:38:59.285565+0200 DEBUG Bracket ID 0:
| budget  | pending | waiting |  done   |
-----------------------------------------
|  61.73  |    0    |    0    |   81    |
| 185.19  |    9    |    4    |   14    |
| 555.56  |    9    |    0    |    0    |
| 1666.67 |    3    |    0    |    0    |
| 5000.00 |    1    |    0    |    0    |
-----------------------------------------
2023-04-23T07:38:59.285565+0200 DEBUG Bracket ID 1:
| budget  | pending | waiting |  done   |
-----------------------------------------
| 185.19  |   24    |    0    |    3    |
| 555.56  |    9    |    0    |    0    |
| 1666.67 |    3    |    0    |    0    |
| 5000.00 |    1    |    0    |    0    |
-----------------------------------------
2023-04-23T07:39:01.139675+0200 DEBUG Collecting 1 of the 4 job(s) active.
2023-04-23T07:39:01.183648+0200 DEBUG 1/4 worker(s) available.
2023-04-23T07:39:01.795016+0200 DEBUG Bracket ID 0:
| budget  | pending | waiting |  done   |
-----------------------------------------
|  61.73  |    0    |    0    |   81    |
| 185.19  |    8    |    4    |   15    |
| 555.56  |    9    |    0    |    0    |
| 1666.67 |    3    |    0    |    0    |
| 5000.00 |    1    |    0    |    0    |
-----------------------------------------
2023-04-23T07:39:01.795016+0200 DEBUG Bracket ID 1:
| budget  | pending | waiting |  done   |
-----------------------------------------
| 185.19  |   24    |    0    |    3    |
| 555.56  |    9    |    0    |    0    |
| 1666.67 |    3    |    0    |    0    |
| 5000.00 |    1    |    0    |    0    |
-----------------------------------------
2023-04-23T07:39:06.319317+0200 DEBUG Collecting 1 of the 4 job(s) active.
2023-04-23T07:39:07.414744+0200 DEBUG Collecting 1 of the 3 job(s) active.
2023-04-23T07:39:08.208560+0200 DEBUG Collecting 1 of the 2 job(s) active.
2023-04-23T07:39:08.663396+0200 DEBUG Collecting 1 of the 1 job(s) active.
